build/app/intermediates/manifest_merge_blame_file/release/processReleaseMainManifest/manifest-merger-blame-release-report.txt
1<?xml version="1.0" encoding="utf-8"?>
2<manifest xmlns:android="http://schemas.android.com/apk/res/android"
3    package="com.classic.userpetcare"
4    android:versionCode="1"
5    android:versionName="1.0.1" >
6
7    <uses-sdk
8        android:minSdkVersion="24"
9        android:targetSdkVersion="35" />
10
11    <uses-permission android:name="android.permission.INTERNET" />
11-->src/main/AndroidManifest.xml:4:5-67
11-->src/main/AndroidManifest.xml:4:22-64
12    <uses-permission android:name="android.permission.ACCESS_NETWORK_STATE" />
12-->src/main/AndroidManifest.xml:5:5-79
12-->src/main/AndroidManifest.xml:5:22-76
13    <uses-permission android:name="android.permission.CAMERA" />
13-->src/main/AndroidManifest.xml:6:5-65
13-->src/main/AndroidManifest.xml:6:22-62
14    <uses-permission android:name="android.permission.ACCESS_FINE_LOCATION" />
14-->src/main/AndroidManifest.xml:7:5-79
14-->src/main/AndroidManifest.xml:7:22-76
15    <uses-permission android:name="android.permission.ACCESS_COARSE_LOCATION" />
15-->src/main/AndroidManifest.xml:8:5-81
15-->src/main/AndroidManifest.xml:8:22-78
16
17    <queries>
17-->src/main/AndroidManifest.xml:9:5-11:15
18        <package android:name="com.phonepe.app" />
18-->src/main/AndroidManifest.xml:10:9-51
18-->src/main/AndroidManifest.xml:10:18-48
19
20        <intent>
20-->[:file_picker] AndroidManifest.xml:8:9-12:18
21            <action android:name="android.intent.action.GET_CONTENT" />
21-->[:file_picker] AndroidManifest.xml:9:13-72
21-->[:file_picker] AndroidManifest.xml:9:21-69
22
23            <data android:mimeType="*/*" />
23-->[:file_picker] AndroidManifest.xml:11:13-44
23-->[:file_picker] AndroidManifest.xml:11:19-41
24        </intent>
25        <intent>
25-->[:flutter_inappwebview_android] AndroidManifest.xml:8:9-10:18
26            <action android:name="android.support.customtabs.action.CustomTabsService" />
26-->[:flutter_inappwebview_android] AndroidManifest.xml:9:13-90
26-->[:flutter_inappwebview_android] AndroidManifest.xml:9:21-87
27        </intent>
28
29        <package android:name="com.phonepe.app.preprod" />
29-->[phonepe.intentsdk.android.release:IntentSDK:2.4.2] AndroidManifest.xml:9:9-59
29-->[phonepe.intentsdk.android.release:IntentSDK:2.4.2] AndroidManifest.xml:9:18-56
30        <package android:name="com.phonepe.simulator" />
30-->[phonepe.intentsdk.android.release:IntentSDK:2.4.2] AndroidManifest.xml:10:9-57
30-->[phonepe.intentsdk.android.release:IntentSDK:2.4.2] AndroidManifest.xml:10:18-54
31        <package android:name="com.phonepe.simulator.debug" />
31-->[phonepe.intentsdk.android.release:IntentSDK:2.4.2] AndroidManifest.xml:11:9-63
31-->[phonepe.intentsdk.android.release:IntentSDK:2.4.2] AndroidManifest.xml:11:18-60
32
33        <intent>
33-->[phonepe.intentsdk.android.release:IntentSDK:2.4.2] AndroidManifest.xml:13:9-19:18
34            <action android:name="android.intent.action.VIEW" />
34-->[phonepe.intentsdk.android.release:IntentSDK:2.4.2] AndroidManifest.xml:14:13-65
34-->[phonepe.intentsdk.android.release:IntentSDK:2.4.2] AndroidManifest.xml:14:21-62
35
36            <data
36-->[:file_picker] AndroidManifest.xml:11:13-44
37                android:host="pay"
38                android:scheme="upi" />
39        </intent>
40        <intent>
40-->[phonepe.intentsdk.android.release:IntentSDK:2.4.2] AndroidManifest.xml:20:9-26:18
41            <action android:name="android.intent.action.VIEW" />
41-->[phonepe.intentsdk.android.release:IntentSDK:2.4.2] AndroidManifest.xml:14:13-65
41-->[phonepe.intentsdk.android.release:IntentSDK:2.4.2] AndroidManifest.xml:14:21-62
42
43            <data
43-->[:file_picker] AndroidManifest.xml:11:13-44
44                android:host="upi"
45                android:scheme="mandate" />
46        </intent>
47
48        <package android:name="com.gojek.app" /> <!-- Added to check the default browser that will host the AuthFlow. -->
48-->[com.midtrans:uikit:1.31.1] AndroidManifest.xml:17:9-49
48-->[com.midtrans:uikit:1.31.1] AndroidManifest.xml:17:18-46
49        <intent>
49-->[com.stripe:financial-connections:20.44.2] AndroidManifest.xml:13:9-17:18
50            <action android:name="android.intent.action.VIEW" />
50-->[phonepe.intentsdk.android.release:IntentSDK:2.4.2] AndroidManifest.xml:14:13-65
50-->[phonepe.intentsdk.android.release:IntentSDK:2.4.2] AndroidManifest.xml:14:21-62
51
52            <data android:scheme="http" />
52-->[:file_picker] AndroidManifest.xml:11:13-44
53        </intent> <!-- Added to check if Chrome is installed for browser-based payment authentication (e.g. 3DS1). -->
54        <package android:name="com.android.chrome" />
54-->[com.stripe:payments-core:20.44.2] AndroidManifest.xml:11:9-54
54-->[com.stripe:payments-core:20.44.2] AndroidManifest.xml:11:18-51
55
56        <intent>
56-->[com.razorpay:standard-core:1.7.6] AndroidManifest.xml:11:9-17:18
57            <action android:name="android.intent.action.VIEW" />
57-->[phonepe.intentsdk.android.release:IntentSDK:2.4.2] AndroidManifest.xml:14:13-65
57-->[phonepe.intentsdk.android.release:IntentSDK:2.4.2] AndroidManifest.xml:14:21-62
58
59            <data
59-->[:file_picker] AndroidManifest.xml:11:13-44
60                android:mimeType="*/*"
60-->[:file_picker] AndroidManifest.xml:11:19-41
61                android:scheme="*" />
62        </intent>
63        <intent>
63-->[com.razorpay:standard-core:1.7.6] AndroidManifest.xml:18:9-27:18
64            <action android:name="android.intent.action.VIEW" />
64-->[phonepe.intentsdk.android.release:IntentSDK:2.4.2] AndroidManifest.xml:14:13-65
64-->[phonepe.intentsdk.android.release:IntentSDK:2.4.2] AndroidManifest.xml:14:21-62
65
66            <category android:name="android.intent.category.BROWSABLE" />
66-->[com.stripe:financial-connections:20.44.2] AndroidManifest.xml:29:17-78
66-->[com.stripe:financial-connections:20.44.2] AndroidManifest.xml:29:27-75
67
68            <data
68-->[:file_picker] AndroidManifest.xml:11:13-44
69                android:host="pay"
70                android:mimeType="*/*"
70-->[:file_picker] AndroidManifest.xml:11:19-41
71                android:scheme="upi" />
72        </intent>
73        <intent>
73-->[com.razorpay:standard-core:1.7.6] AndroidManifest.xml:28:9-30:18
74            <action android:name="android.intent.action.MAIN" />
74-->src/main/AndroidManifest.xml:44:17-68
74-->src/main/AndroidManifest.xml:44:25-66
75        </intent>
76        <intent>
76-->[com.razorpay:standard-core:1.7.6] AndroidManifest.xml:31:9-35:18
77            <action android:name="android.intent.action.SEND" />
77-->[com.razorpay:standard-core:1.7.6] AndroidManifest.xml:32:13-65
77-->[com.razorpay:standard-core:1.7.6] AndroidManifest.xml:32:21-62
78
79            <data android:mimeType="*/*" />
79-->[:file_picker] AndroidManifest.xml:11:13-44
79-->[:file_picker] AndroidManifest.xml:11:19-41
80        </intent>
81        <intent>
81-->[com.razorpay:standard-core:1.7.6] AndroidManifest.xml:36:9-38:18
82            <action android:name="rzp.device_token.share" />
82-->[com.razorpay:standard-core:1.7.6] AndroidManifest.xml:37:13-61
82-->[com.razorpay:standard-core:1.7.6] AndroidManifest.xml:37:21-58
83        </intent> <!-- Needs to be explicitly declared on Android R+ -->
84        <package android:name="com.google.android.apps.maps" />
84-->[com.google.android.gms:play-services-maps:18.2.0] AndroidManifest.xml:33:9-64
84-->[com.google.android.gms:play-services-maps:18.2.0] AndroidManifest.xml:33:18-61
85    </queries>
86
87    <uses-permission android:name="android.permission.WAKE_LOCK" /> <!-- Permissions options for the `notification` group -->
87-->[:firebase_analytics] AndroidManifest.xml:9:5-68
87-->[:firebase_analytics] AndroidManifest.xml:9:22-65
88    <uses-permission android:name="android.permission.POST_NOTIFICATIONS" />
88-->[:firebase_messaging] AndroidManifest.xml:11:5-77
88-->[:firebase_messaging] AndroidManifest.xml:11:22-74
89    <uses-permission android:name="android.permission.VIBRATE" />
89-->[:flutter_local_notifications] AndroidManifest.xml:7:5-66
89-->[:flutter_local_notifications] AndroidManifest.xml:7:22-63
90
91    <meta-data
91-->[phonepe.intentsdk.android.release:IntentSDK:2.4.2] AndroidManifest.xml:32:5-34:32
92        android:name="android.webkit.WebView.EnableSafeBrowsing"
92-->[phonepe.intentsdk.android.release:IntentSDK:2.4.2] AndroidManifest.xml:33:9-65
93        android:value="true" />
93-->[phonepe.intentsdk.android.release:IntentSDK:2.4.2] AndroidManifest.xml:34:9-29
94
95    <uses-permission android:name="android.permission.READ_PHONE_STATE" /> <!-- Don't require camera, as this requires a rear camera. This allows it to work on the Nexus 7 -->
95-->[com.midtrans:uikit:1.31.1] AndroidManifest.xml:14:5-75
95-->[com.midtrans:uikit:1.31.1] AndroidManifest.xml:14:22-72
96    <uses-feature
96-->[com.journeyapps:zxing-android-embedded:3.5.0] AndroidManifest.xml:24:5-26:36
97        android:name="android.hardware.camera"
97-->[com.journeyapps:zxing-android-embedded:3.5.0] AndroidManifest.xml:25:9-47
98        android:required="false" />
98-->[com.journeyapps:zxing-android-embedded:3.5.0] AndroidManifest.xml:26:9-33
99    <uses-feature
99-->[com.journeyapps:zxing-android-embedded:3.5.0] AndroidManifest.xml:27:5-29:36
100        android:name="android.hardware.camera.front"
100-->[com.journeyapps:zxing-android-embedded:3.5.0] AndroidManifest.xml:28:9-53
101        android:required="false" /> <!-- TODO replace above two with next line after Android 4.2 -->
101-->[com.journeyapps:zxing-android-embedded:3.5.0] AndroidManifest.xml:29:9-33
102    <!-- <uses-feature android:name="android.hardware.camera.any"/> -->
103    <uses-feature
103-->[com.journeyapps:zxing-android-embedded:3.5.0] AndroidManifest.xml:32:5-34:36
104        android:name="android.hardware.camera.autofocus"
104-->[com.journeyapps:zxing-android-embedded:3.5.0] AndroidManifest.xml:33:9-57
105        android:required="false" />
105-->[com.journeyapps:zxing-android-embedded:3.5.0] AndroidManifest.xml:34:9-33
106    <uses-feature
106-->[com.journeyapps:zxing-android-embedded:3.5.0] AndroidManifest.xml:35:5-37:36
107        android:name="android.hardware.camera.flash"
107-->[com.journeyapps:zxing-android-embedded:3.5.0] AndroidManifest.xml:36:9-53
108        android:required="false" />
108-->[com.journeyapps:zxing-android-embedded:3.5.0] AndroidManifest.xml:37:9-33
109    <uses-feature
109-->[com.journeyapps:zxing-android-embedded:3.5.0] AndroidManifest.xml:38:5-40:36
110        android:name="android.hardware.screen.landscape"
110-->[com.journeyapps:zxing-android-embedded:3.5.0] AndroidManifest.xml:39:9-57
111        android:required="false" />
111-->[com.journeyapps:zxing-android-embedded:3.5.0] AndroidManifest.xml:40:9-33
112    <uses-feature
112-->[com.journeyapps:zxing-android-embedded:3.5.0] AndroidManifest.xml:41:5-43:36
113        android:name="android.hardware.wifi"
113-->[com.journeyapps:zxing-android-embedded:3.5.0] AndroidManifest.xml:42:9-45
114        android:required="false" />
114-->[com.journeyapps:zxing-android-embedded:3.5.0] AndroidManifest.xml:43:9-33
115    <uses-feature
115-->[com.google.android.gms:play-services-maps:18.2.0] AndroidManifest.xml:26:5-28:35
116        android:glEsVersion="0x00020000"
116-->[com.google.android.gms:play-services-maps:18.2.0] AndroidManifest.xml:27:9-41
117        android:required="true" /> <!-- Required by older versions of Google Play services to create IID tokens -->
117-->[com.google.android.gms:play-services-maps:18.2.0] AndroidManifest.xml:28:9-32
118    <uses-permission android:name="com.google.android.c2dm.permission.RECEIVE" />
118-->[com.google.firebase:firebase-messaging:24.1.0] AndroidManifest.xml:26:5-82
118-->[com.google.firebase:firebase-messaging:24.1.0] AndroidManifest.xml:26:22-79
119    <uses-permission android:name="com.google.android.finsky.permission.BIND_GET_INSTALL_REFERRER_SERVICE" />
119-->[com.google.android.gms:play-services-measurement:22.2.0] AndroidManifest.xml:26:5-110
119-->[com.google.android.gms:play-services-measurement:22.2.0] AndroidManifest.xml:26:22-107
120    <uses-permission android:name="com.google.android.gms.permission.AD_ID" />
120-->[com.google.android.gms:play-services-measurement-impl:22.2.0] AndroidManifest.xml:27:5-79
120-->[com.google.android.gms:play-services-measurement-impl:22.2.0] AndroidManifest.xml:27:22-76
121    <uses-permission android:name="android.permission.ACCESS_ADSERVICES_ATTRIBUTION" />
121-->[com.google.android.gms:play-services-measurement-api:22.2.0] AndroidManifest.xml:26:5-88
121-->[com.google.android.gms:play-services-measurement-api:22.2.0] AndroidManifest.xml:26:22-85
122    <uses-permission android:name="android.permission.ACCESS_ADSERVICES_AD_ID" />
122-->[com.google.android.gms:play-services-measurement-api:22.2.0] AndroidManifest.xml:27:5-82
122-->[com.google.android.gms:play-services-measurement-api:22.2.0] AndroidManifest.xml:27:22-79
123    <uses-permission android:name="com.google.android.providers.gsf.permission.READ_GSERVICES" />
123-->[com.google.android.recaptcha:recaptcha:18.5.1] AndroidManifest.xml:9:5-98
123-->[com.google.android.recaptcha:recaptcha:18.5.1] AndroidManifest.xml:9:22-95
124
125    <permission
125-->[androidx.core:core:1.13.1] AndroidManifest.xml:22:5-24:47
126        android:name="com.classic.userpetcare.DYNAMIC_RECEIVER_NOT_EXPORTED_PERMISSION"
126-->[androidx.core:core:1.13.1] AndroidManifest.xml:23:9-81
127        android:protectionLevel="signature" />
127-->[androidx.core:core:1.13.1] AndroidManifest.xml:24:9-44
128
129    <uses-permission android:name="com.classic.userpetcare.DYNAMIC_RECEIVER_NOT_EXPORTED_PERMISSION" /> <!-- Normal permission, automatically granted on API 23+ -->
129-->[androidx.core:core:1.13.1] AndroidManifest.xml:26:5-97
129-->[androidx.core:core:1.13.1] AndroidManifest.xml:26:22-94
130    <uses-permission android:name="android.permission.READ_BASIC_PHONE_STATE" />
130-->[com.razorpay:core:1.0.4] AndroidManifest.xml:10:5-81
130-->[com.razorpay:core:1.0.4] AndroidManifest.xml:10:22-78
131
132    <application
133        android:name="android.app.Application"
133-->src/main/AndroidManifest.xml:15:9-42
134        android:allowBackup="false"
134-->[com.midtrans:uikit:1.31.1] AndroidManifest.xml:21:9-36
135        android:appComponentFactory="androidx.core.app.CoreComponentFactory"
135-->[androidx.core:core:1.13.1] AndroidManifest.xml:28:18-86
136        android:extractNativeLibs="false"
137        android:icon="@mipmap/ic_launcher"
137-->src/main/AndroidManifest.xml:17:9-43
138        android:label="Pet Care+"
138-->src/main/AndroidManifest.xml:14:9-34
139        android:supportsRtl="true"
139-->[com.midtrans:corekit:1.31.1] AndroidManifest.xml:16:9-35
140        android:usesCleartextTraffic="false" >
140-->[com.midtrans:uikit:1.31.1] AndroidManifest.xml:22:9-45
141        <meta-data
141-->src/main/AndroidManifest.xml:18:9-20:70
142            android:name="com.google.firebase.messaging.default_notification_channel_id"
142-->src/main/AndroidManifest.xml:19:13-89
143            android:value="@string/default_notification_channel_id" />
143-->src/main/AndroidManifest.xml:20:13-68
144        <meta-data
144-->src/main/AndroidManifest.xml:21:9-23:68
145            android:name="com.google.firebase.messaging.default_notification_icon"
145-->src/main/AndroidManifest.xml:22:13-83
146            android:resource="@drawable/ic_stat_ic_notification" />
146-->src/main/AndroidManifest.xml:23:13-65
147        <meta-data
147-->src/main/AndroidManifest.xml:24:9-26:53
148            android:name="com.google.firebase.messaging.default_notification_color"
148-->src/main/AndroidManifest.xml:25:13-84
149            android:resource="@color/colorAccent" />
149-->src/main/AndroidManifest.xml:26:13-50
150
151        <activity
151-->src/main/AndroidManifest.xml:27:9-56:20
152            android:name="com.classic.userpetcare.MainActivity"
152-->src/main/AndroidManifest.xml:28:13-41
153            android:configChanges="orientation|keyboardHidden|keyboard|screenSize|smallestScreenSize|locale|layoutDirection|fontScale|screenLayout|density|uiMode"
153-->src/main/AndroidManifest.xml:32:13-163
154            android:exported="true"
154-->src/main/AndroidManifest.xml:29:13-36
155            android:hardwareAccelerated="true"
155-->src/main/AndroidManifest.xml:33:13-47
156            android:launchMode="singleTop"
156-->src/main/AndroidManifest.xml:30:13-43
157            android:theme="@style/LaunchTheme"
157-->src/main/AndroidManifest.xml:31:13-47
158            android:windowSoftInputMode="adjustResize" >
158-->src/main/AndroidManifest.xml:34:13-55
159
160            <!--
161                 Specifies an Android theme to apply to this Activity as soon as
162                 the Android process has started. This theme is visible to the user
163                 while the Flutter UI initializes. After that, this theme continues
164                 to determine the Window background behind the Flutter UI.
165            -->
166            <meta-data
166-->src/main/AndroidManifest.xml:39:13-42:17
167                android:name="io.flutter.embedding.android.NormalTheme"
167-->src/main/AndroidManifest.xml:40:15-70
168                android:resource="@style/NormalTheme" />
168-->src/main/AndroidManifest.xml:41:15-52
169
170            <intent-filter>
170-->src/main/AndroidManifest.xml:43:13-46:29
171                <action android:name="android.intent.action.MAIN" />
171-->src/main/AndroidManifest.xml:44:17-68
171-->src/main/AndroidManifest.xml:44:25-66
172
173                <category android:name="android.intent.category.LAUNCHER" />
173-->src/main/AndroidManifest.xml:45:17-76
173-->src/main/AndroidManifest.xml:45:27-74
174            </intent-filter>
175
176            <meta-data
176-->src/main/AndroidManifest.xml:18:9-20:70
177                android:name="com.google.firebase.messaging.default_notification_channel_id"
177-->src/main/AndroidManifest.xml:19:13-89
178                android:value="@string/default_notification_channel_id" />
178-->src/main/AndroidManifest.xml:20:13-68
179            <meta-data
179-->src/main/AndroidManifest.xml:21:9-23:68
180                android:name="com.google.firebase.messaging.default_notification_icon"
180-->src/main/AndroidManifest.xml:22:13-83
181                android:resource="@drawable/ic_stat_ic_notification" />
181-->src/main/AndroidManifest.xml:23:13-65
182            <meta-data
182-->src/main/AndroidManifest.xml:24:9-26:53
183                android:name="com.google.firebase.messaging.default_notification_color"
183-->src/main/AndroidManifest.xml:25:13-84
184                android:resource="@color/colorAccent" />
184-->src/main/AndroidManifest.xml:26:13-50
185        </activity>
186
187        <meta-data
187-->src/main/AndroidManifest.xml:58:9-60:36
188            android:name="com.google.android.gms.wallet.api.enabled"
188-->src/main/AndroidManifest.xml:59:13-69
189            android:value="true" />
189-->src/main/AndroidManifest.xml:60:13-33
190        <!--
191             Don't delete the meta-data below.
192             This is used by the Flutter tool to generate GeneratedPluginRegistrant.java
193        -->
194        <meta-data
194-->src/main/AndroidManifest.xml:63:9-65:33
195            android:name="flutterEmbedding"
195-->src/main/AndroidManifest.xml:64:13-44
196            android:value="2" />
196-->src/main/AndroidManifest.xml:65:13-30
197
198        <service
198-->[:firebase_analytics] AndroidManifest.xml:12:9-16:19
199            android:name="com.google.firebase.components.ComponentDiscoveryService"
199-->[:firebase_analytics] AndroidManifest.xml:12:18-89
200            android:directBootAware="true"
200-->[com.google.firebase:firebase-common:21.0.0] AndroidManifest.xml:32:13-43
201            android:exported="false" >
201-->[com.google.firebase:firebase-auth:23.1.0] AndroidManifest.xml:68:13-37
202            <meta-data
202-->[:firebase_analytics] AndroidManifest.xml:13:13-15:85
203                android:name="com.google.firebase.components:io.flutter.plugins.firebase.analytics.FlutterFirebaseAppRegistrar"
203-->[:firebase_analytics] AndroidManifest.xml:14:17-128
204                android:value="com.google.firebase.components.ComponentRegistrar" />
204-->[:firebase_analytics] AndroidManifest.xml:15:17-82
205            <meta-data
205-->[:firebase_auth] AndroidManifest.xml:9:13-11:85
206                android:name="com.google.firebase.components:io.flutter.plugins.firebase.auth.FlutterFirebaseAuthRegistrar"
206-->[:firebase_auth] AndroidManifest.xml:10:17-124
207                android:value="com.google.firebase.components.ComponentRegistrar" />
207-->[:firebase_auth] AndroidManifest.xml:11:17-82
208            <meta-data
208-->[:firebase_crashlytics] AndroidManifest.xml:9:13-11:85
209                android:name="com.google.firebase.components:io.flutter.plugins.firebase.crashlytics.FlutterFirebaseAppRegistrar"
209-->[:firebase_crashlytics] AndroidManifest.xml:10:17-130
210                android:value="com.google.firebase.components.ComponentRegistrar" />
210-->[:firebase_crashlytics] AndroidManifest.xml:11:17-82
211            <meta-data
211-->[:firebase_messaging] AndroidManifest.xml:36:13-38:85
212                android:name="com.google.firebase.components:io.flutter.plugins.firebase.messaging.FlutterFirebaseAppRegistrar"
212-->[:firebase_messaging] AndroidManifest.xml:37:17-128
213                android:value="com.google.firebase.components.ComponentRegistrar" />
213-->[:firebase_messaging] AndroidManifest.xml:38:17-82
214            <meta-data
214-->[:firebase_core] AndroidManifest.xml:9:13-11:85
215                android:name="com.google.firebase.components:io.flutter.plugins.firebase.core.FlutterFirebaseCoreRegistrar"
215-->[:firebase_core] AndroidManifest.xml:10:17-124
216                android:value="com.google.firebase.components.ComponentRegistrar" />
216-->[:firebase_core] AndroidManifest.xml:11:17-82
217            <meta-data
217-->[com.google.firebase:firebase-auth:23.1.0] AndroidManifest.xml:69:13-71:85
218                android:name="com.google.firebase.components:com.google.firebase.auth.FirebaseAuthRegistrar"
218-->[com.google.firebase:firebase-auth:23.1.0] AndroidManifest.xml:70:17-109
219                android:value="com.google.firebase.components.ComponentRegistrar" />
219-->[com.google.firebase:firebase-auth:23.1.0] AndroidManifest.xml:71:17-82
220            <meta-data
220-->[com.google.firebase:firebase-messaging:24.1.0] AndroidManifest.xml:57:13-59:85
221                android:name="com.google.firebase.components:com.google.firebase.messaging.FirebaseMessagingKtxRegistrar"
221-->[com.google.firebase:firebase-messaging:24.1.0] AndroidManifest.xml:58:17-122
222                android:value="com.google.firebase.components.ComponentRegistrar" />
222-->[com.google.firebase:firebase-messaging:24.1.0] AndroidManifest.xml:59:17-82
223            <meta-data
223-->[com.google.firebase:firebase-messaging:24.1.0] AndroidManifest.xml:60:13-62:85
224                android:name="com.google.firebase.components:com.google.firebase.messaging.FirebaseMessagingRegistrar"
224-->[com.google.firebase:firebase-messaging:24.1.0] AndroidManifest.xml:61:17-119
225                android:value="com.google.firebase.components.ComponentRegistrar" />
225-->[com.google.firebase:firebase-messaging:24.1.0] AndroidManifest.xml:62:17-82
226            <meta-data
226-->[com.google.android.gms:play-services-measurement-api:22.2.0] AndroidManifest.xml:33:13-35:85
227                android:name="com.google.firebase.components:com.google.firebase.analytics.connector.internal.AnalyticsConnectorRegistrar"
227-->[com.google.android.gms:play-services-measurement-api:22.2.0] AndroidManifest.xml:34:17-139
228                android:value="com.google.firebase.components.ComponentRegistrar" />
228-->[com.google.android.gms:play-services-measurement-api:22.2.0] AndroidManifest.xml:35:17-82
229            <meta-data
229-->[com.google.firebase:firebase-crashlytics:19.4.0] AndroidManifest.xml:15:13-17:85
230                android:name="com.google.firebase.components:com.google.firebase.crashlytics.FirebaseCrashlyticsKtxRegistrar"
230-->[com.google.firebase:firebase-crashlytics:19.4.0] AndroidManifest.xml:16:17-126
231                android:value="com.google.firebase.components.ComponentRegistrar" />
231-->[com.google.firebase:firebase-crashlytics:19.4.0] AndroidManifest.xml:17:17-82
232            <meta-data
232-->[com.google.firebase:firebase-crashlytics:19.4.0] AndroidManifest.xml:18:13-20:85
233                android:name="com.google.firebase.components:com.google.firebase.crashlytics.CrashlyticsRegistrar"
233-->[com.google.firebase:firebase-crashlytics:19.4.0] AndroidManifest.xml:19:17-115
234                android:value="com.google.firebase.components.ComponentRegistrar" />
234-->[com.google.firebase:firebase-crashlytics:19.4.0] AndroidManifest.xml:20:17-82
235            <meta-data
235-->[com.google.firebase:firebase-sessions:2.0.8] AndroidManifest.xml:29:13-31:85
236                android:name="com.google.firebase.components:com.google.firebase.sessions.FirebaseSessionsRegistrar"
236-->[com.google.firebase:firebase-sessions:2.0.8] AndroidManifest.xml:30:17-117
237                android:value="com.google.firebase.components.ComponentRegistrar" />
237-->[com.google.firebase:firebase-sessions:2.0.8] AndroidManifest.xml:31:17-82
238            <meta-data
238-->[com.google.firebase:firebase-installations:18.0.0] AndroidManifest.xml:15:13-17:85
239                android:name="com.google.firebase.components:com.google.firebase.installations.FirebaseInstallationsKtxRegistrar"
239-->[com.google.firebase:firebase-installations:18.0.0] AndroidManifest.xml:16:17-130
240                android:value="com.google.firebase.components.ComponentRegistrar" />
240-->[com.google.firebase:firebase-installations:18.0.0] AndroidManifest.xml:17:17-82
241            <meta-data
241-->[com.google.firebase:firebase-installations:18.0.0] AndroidManifest.xml:18:13-20:85
242                android:name="com.google.firebase.components:com.google.firebase.installations.FirebaseInstallationsRegistrar"
242-->[com.google.firebase:firebase-installations:18.0.0] AndroidManifest.xml:19:17-127
243                android:value="com.google.firebase.components.ComponentRegistrar" />
243-->[com.google.firebase:firebase-installations:18.0.0] AndroidManifest.xml:20:17-82
244            <meta-data
244-->[com.google.firebase:firebase-common-ktx:21.0.0] AndroidManifest.xml:12:13-14:85
245                android:name="com.google.firebase.components:com.google.firebase.ktx.FirebaseCommonLegacyRegistrar"
245-->[com.google.firebase:firebase-common-ktx:21.0.0] AndroidManifest.xml:13:17-116
246                android:value="com.google.firebase.components.ComponentRegistrar" />
246-->[com.google.firebase:firebase-common-ktx:21.0.0] AndroidManifest.xml:14:17-82
247            <meta-data
247-->[com.google.firebase:firebase-common:21.0.0] AndroidManifest.xml:35:13-37:85
248                android:name="com.google.firebase.components:com.google.firebase.FirebaseCommonKtxRegistrar"
248-->[com.google.firebase:firebase-common:21.0.0] AndroidManifest.xml:36:17-109
249                android:value="com.google.firebase.components.ComponentRegistrar" />
249-->[com.google.firebase:firebase-common:21.0.0] AndroidManifest.xml:37:17-82
250            <meta-data
250-->[com.google.firebase:firebase-datatransport:19.0.0] AndroidManifest.xml:25:13-27:85
251                android:name="com.google.firebase.components:com.google.firebase.datatransport.TransportRegistrar"
251-->[com.google.firebase:firebase-datatransport:19.0.0] AndroidManifest.xml:26:17-115
252                android:value="com.google.firebase.components.ComponentRegistrar" />
252-->[com.google.firebase:firebase-datatransport:19.0.0] AndroidManifest.xml:27:17-82
253        </service>
254        <service
254-->[:firebase_messaging] AndroidManifest.xml:14:9-17:72
255            android:name="io.flutter.plugins.firebase.messaging.FlutterFirebaseMessagingBackgroundService"
255-->[:firebase_messaging] AndroidManifest.xml:15:13-107
256            android:exported="false"
256-->[:firebase_messaging] AndroidManifest.xml:16:13-37
257            android:permission="android.permission.BIND_JOB_SERVICE" />
257-->[:firebase_messaging] AndroidManifest.xml:17:13-69
258        <service
258-->[:firebase_messaging] AndroidManifest.xml:18:9-24:19
259            android:name="io.flutter.plugins.firebase.messaging.FlutterFirebaseMessagingService"
259-->[:firebase_messaging] AndroidManifest.xml:19:13-97
260            android:exported="false" >
260-->[:firebase_messaging] AndroidManifest.xml:20:13-37
261            <intent-filter>
261-->[:firebase_messaging] AndroidManifest.xml:21:13-23:29
262                <action android:name="com.google.firebase.MESSAGING_EVENT" />
262-->[:firebase_messaging] AndroidManifest.xml:22:17-78
262-->[:firebase_messaging] AndroidManifest.xml:22:25-75
263            </intent-filter>
264        </service>
265
266        <receiver
266-->[:firebase_messaging] AndroidManifest.xml:26:9-33:20
267            android:name="io.flutter.plugins.firebase.messaging.FlutterFirebaseMessagingReceiver"
267-->[:firebase_messaging] AndroidManifest.xml:27:13-98
268            android:exported="true"
268-->[:firebase_messaging] AndroidManifest.xml:28:13-36
269            android:permission="com.google.android.c2dm.permission.SEND" >
269-->[:firebase_messaging] AndroidManifest.xml:29:13-73
270            <intent-filter>
270-->[:firebase_messaging] AndroidManifest.xml:30:13-32:29
271                <action android:name="com.google.android.c2dm.intent.RECEIVE" />
271-->[:firebase_messaging] AndroidManifest.xml:31:17-81
271-->[:firebase_messaging] AndroidManifest.xml:31:25-78
272            </intent-filter>
273        </receiver>
274
275        <provider